PS D:\git\m300_CI-CD\vagrant> vagrant up       
Bringing machine 'dockerhost' up with 'virtualbox' provider...
==> dockerhost: Importing base box 'ubuntu/xenial64'...
==> dockerhost: Matching MAC address for NAT networking...
==> dockerhost: Checking if box 'ubuntu/xenial64' version '20211001.0.0' is up to date...
==> dockerhost: Setting the name of the VM: vagrant_dockerhost_1687176468734_790
==> dockerhost: Clearing any previously set network interfaces...
==> dockerhost: Preparing network interfaces based on configuration...
    dockerhost: Adapter 1: nat
    dockerhost: Adapter 2: hostonly
==> dockerhost: Forwarding ports...
    dockerhost: 22 (guest) => 2222 (host) (adapter 1)
==> dockerhost: Running 'pre-boot' VM customizations...
==> dockerhost: Booting VM...
==> dockerhost: Waiting for machine to boot. This may take a few minutes...
    dockerhost: SSH address: 127.0.0.1:2222
    dockerhost: SSH username: vagrant
    dockerhost: SSH auth method: private key
    dockerhost: Warning: Connection reset. Retrying...
    dockerhost: Warning: Connection aborted. Retrying...
    dockerhost: 
    dockerhost: Vagrant insecure key detected. Vagrant will automatically replace
    dockerhost: this with a newly generated keypair for better security.
    dockerhost: 
    dockerhost: Inserting generated public key within guest...
    dockerhost: Removing insecure key from the guest if it's present...
    dockerhost: Key inserted! Disconnecting and reconnecting using new SSH key...
==> dockerhost: Machine booted and ready!
==> dockerhost: Checking for guest additions in VM...
    dockerhost: The guest additions on this VM do not match the installed version of
    dockerhost: VirtualBox! In most cases this is fine, but in rare cases it can
    dockerhost: prevent things such as shared folders from working properly. If you see
    dockerhost: shared folder errors, please make sure the guest additions within the
    dockerhost: virtual machine match the version of VirtualBox you have installed on
    dockerhost: your host and reload your VM.
    dockerhost:
    dockerhost: Guest Additions Version: 5.1.38
    dockerhost: VirtualBox Version: 7.0
==> dockerhost: Setting hostname...
==> dockerhost: Configuring and enabling network interfaces...
==> dockerhost: Mounting shared folders...
    dockerhost: /opt => D:/git/m300_CI-CD
    dockerhost: /vagrant => D:/git/m300_CI-CD/vagrant
==> dockerhost: Running provisioner: shell...
    dockerhost: Running: inline script
    dockerhost: 
    dockerhost: WARNING: apt does not have a stable CLI interface. Use with caution in scripts.
    dockerhost:
    dockerhost: Get:1 https://esm.ubuntu.com/infra/ubuntu xenial-infra-security InRelease [7,524 B]
    dockerhost: Get:2 https://esm.ubuntu.com/infra/ubuntu xenial-infra-updates InRelease [7,475 B]
    dockerhost: Get:3 https://esm.ubuntu.com/infra/ubuntu xenial-infra-security/main amd64 Packages [734 kB]
    dockerhost: Hit:4 http://archive.ubuntu.com/ubuntu xenial InRelease
    dockerhost: Get:5 http://security.ubuntu.com/ubuntu xenial-security InRelease [99.8 kB]
    dockerhost: Get:6 http://archive.ubuntu.com/ubuntu xenial-updates InRelease [99.8 kB]
    dockerhost: Get:7 http://archive.ubuntu.com/ubuntu xenial-backports InRelease [97.4 kB]
    dockerhost: Get:8 http://security.ubuntu.com/ubuntu xenial-security/main Translation-en [360 kB]
    dockerhost: Get:9 http://archive.ubuntu.com/ubuntu xenial/universe amd64 Packages [7,532 kB]
    dockerhost: Get:10 http://security.ubuntu.com/ubuntu xenial-security/universe amd64 Packages [786 kB]
    dockerhost: Get:11 http://security.ubuntu.com/ubuntu xenial-security/universe Translation-en [226 kB]
    dockerhost: Get:12 http://security.ubuntu.com/ubuntu xenial-security/multiverse amd64 Packages [7,864 B]
    dockerhost: Get:13 http://security.ubuntu.com/ubuntu xenial-security/multiverse Translation-en [2,672 B]
    dockerhost: Get:14 http://archive.ubuntu.com/ubuntu xenial/universe Translation-en [4,354 kB]
    dockerhost: Get:15 http://archive.ubuntu.com/ubuntu xenial/multiverse amd64 Packages [144 kB]
    dockerhost: Get:16 http://archive.ubuntu.com/ubuntu xenial/multiverse Translation-en [106 kB]
    dockerhost: Get:17 http://archive.ubuntu.com/ubuntu xenial-updates/main amd64 Packages [2,048 kB]
    dockerhost: Get:18 http://archive.ubuntu.com/ubuntu xenial-updates/main Translation-en [461 kB]
    dockerhost: Get:19 http://archive.ubuntu.com/ubuntu xenial-updates/universe amd64 Packages [1,220 kB]
    dockerhost: Get:20 http://archive.ubuntu.com/ubuntu xenial-updates/universe Translation-en [359 kB]
    dockerhost: Get:21 http://archive.ubuntu.com/ubuntu xenial-updates/multiverse amd64 Packages [21.6 kB]
    dockerhost: Get:22 http://archive.ubuntu.com/ubuntu xenial-updates/multiverse Translation-en [8,440 B]
    dockerhost: Get:23 http://archive.ubuntu.com/ubuntu xenial-backports/main amd64 Packages [9,812 B]
    dockerhost: Get:24 http://archive.ubuntu.com/ubuntu xenial-backports/main Translation-en [4,456 B]
    dockerhost: Get:25 http://archive.ubuntu.com/ubuntu xenial-backports/universe amd64 Packages [11.3 kB]
    dockerhost: Get:26 http://archive.ubuntu.com/ubuntu xenial-backports/universe Translation-en [4,476 B]
    dockerhost: Fetched 18.7 MB in 15s (1,205 kB/s)
    dockerhost: Reading package lists...
    dockerhost: Building dependency tree...
    dockerhost: Reading state information...
    dockerhost: 2 packages can be upgraded. Run 'apt list --upgradable' to see them.
    dockerhost: 
    dockerhost: WARNING: apt does not have a stable CLI interface. Use with caution in scripts.
    dockerhost:
    dockerhost: Reading package lists...
    dockerhost: Building dependency tree...
    dockerhost: Reading state information...
    dockerhost: Calculating upgrade...
    dockerhost: The following packages will be upgraded:
    dockerhost:   ubuntu-advantage-tools update-notifier-common
    dockerhost: 2 upgraded, 0 newly installed, 0 to remove and 0 not upgraded.
    dockerhost: Need to get 340 kB of archives.
    dockerhost: After this operation, 1,636 kB disk space will be freed.
    dockerhost: Get:1 http://archive.ubuntu.com/ubuntu xenial-updates/main amd64 update-notifier-common all 3.168.20 [169 kB]
    dockerhost: Get:2 http://archive.ubuntu.com/ubuntu xenial-updates/main amd64 ubuntu-advantage-tools amd64 27.14.4~16.04 [171 kB]
    dockerhost: dpkg-preconfigure: unable to re-open stdin: No such file or directory
    dockerhost: Fetched 340 kB in 4s (69.6 kB/s)
(Reading database ... 54424 files and directories currently installed.)
    dockerhost: Preparing to unpack .../update-notifier-common_3.168.20_all.deb ...
    dockerhost: Unpacking update-notifier-common (3.168.20) over (3.168.15) ...
    dockerhost: Preparing to unpack .../ubuntu-advantage-tools_27.14.4~16.04_amd64.deb ...
    dockerhost: Unpacking ubuntu-advantage-tools (27.14.4~16.04) over (27.2.2~16.04.1) ...
    dockerhost: Processing triggers for man-db (2.7.5-1) ...
    dockerhost: Setting up update-notifier-common (3.168.20) ...
    dockerhost: Setting up ubuntu-advantage-tools (27.14.4~16.04) ...
    dockerhost: Installing new version of config file /etc/apt/apt.conf.d/20apt-esm-hook.conf ...
    dockerhost: Installing new version of config file /etc/logrotate.d/ubuntu-advantage-tools ...
    dockerhost: Installing new version of config file /etc/ubuntu-advantage/help_data.yaml ...
    dockerhost: Installing new version of config file /etc/ubuntu-advantage/uaclient.conf ...
    dockerhost: Installing new version of config file /etc/update-motd.d/91-contract-ua-esm-status ...
    dockerhost: Created symlink /run/cloud-init/cloud-id -> /run/cloud-init/cloud-id-nocloud.
    dockerhost: Removing obsolete conffile /etc/update-motd.d/88-esm-announce ...
    dockerhost: 
    dockerhost: WARNING: apt does not have a stable CLI interface. Use with caution in scripts.
    dockerhost:
    dockerhost: Reading package lists...
    dockerhost: Building dependency tree...
    dockerhost: Reading state information...
    dockerhost: apt-transport-https is already the newest version (1.2.35).
    dockerhost: ca-certificates is already the newest version (20210119~16.04.1).
    dockerhost: curl is already the newest version (7.47.0-1ubuntu2.19).
    dockerhost: software-properties-common is already the newest version (0.96.20.10).
    dockerhost: The following additional packages will be installed:
    dockerhost:   libassuan0 libnpth0 pinentry-curses
    dockerhost: Suggested packages:
    dockerhost:   pinentry-doc
    dockerhost: The following NEW packages will be installed:
    dockerhost:   gnupg-agent libassuan0 libnpth0 pinentry-curses
    dockerhost: 0 upgraded, 4 newly installed, 0 to remove and 0 not upgraded.
    dockerhost: Need to get 314 kB of archives.
    dockerhost: After this operation, 1,202 kB of additional disk space will be used.
    dockerhost: Get:1 http://archive.ubuntu.com/ubuntu xenial/main amd64 libassuan0 amd64 2.4.2-2 [34.6 kB]
    dockerhost: Get:2 http://archive.ubuntu.com/ubuntu xenial/main amd64 pinentry-curses amd64 0.9.7-3 [31.2 kB]
    dockerhost: Get:3 http://archive.ubuntu.com/ubuntu xenial/main amd64 libnpth0 amd64 1.2-3 [7,998 B]
    dockerhost: Get:4 http://archive.ubuntu.com/ubuntu xenial-updates/main amd64 gnupg-agent amd64 2.1.11-6ubuntu2.1 [240 kB]
    dockerhost: dpkg-preconfigure: unable to re-open stdin: No such file or directory
    dockerhost: Fetched 314 kB in 4s (63.7 kB/s)
    dockerhost: Selecting previously unselected package libassuan0:amd64.
(Reading database ... 54561 files and directories currently installed.)
    dockerhost: Preparing to unpack .../libassuan0_2.4.2-2_amd64.deb ...
    dockerhost: Unpacking libassuan0:amd64 (2.4.2-2) ...
    dockerhost: Selecting previously unselected package pinentry-curses.
    dockerhost: Preparing to unpack .../pinentry-curses_0.9.7-3_amd64.deb ...
    dockerhost: Unpacking pinentry-curses (0.9.7-3) ...
    dockerhost: Selecting previously unselected package libnpth0:amd64.
    dockerhost: Preparing to unpack .../libnpth0_1.2-3_amd64.deb ...
    dockerhost: Unpacking libnpth0:amd64 (1.2-3) ...
    dockerhost: Selecting previously unselected package gnupg-agent.
    dockerhost: Preparing to unpack .../gnupg-agent_2.1.11-6ubuntu2.1_amd64.deb ...
    dockerhost: Unpacking gnupg-agent (2.1.11-6ubuntu2.1) ...
    dockerhost: Processing triggers for libc-bin (2.23-0ubuntu11.3) ...
    dockerhost: Processing triggers for man-db (2.7.5-1) ...
    dockerhost: Setting up libassuan0:amd64 (2.4.2-2) ...
    dockerhost: Setting up pinentry-curses (0.9.7-3) ...
    dockerhost: Setting up libnpth0:amd64 (1.2-3) ...
    dockerhost: Setting up gnupg-agent (2.1.11-6ubuntu2.1) ...
    dockerhost: Processing triggers for libc-bin (2.23-0ubuntu11.3) ...
    dockerhost: Get:1 https://download.docker.com/linux/ubuntu xenial InRelease [66.2 kB]
    dockerhost: Get:2 https://download.docker.com/linux/ubuntu xenial/stable amd64 Packages [21.0 kB]
    dockerhost: Hit:3 http://archive.ubuntu.com/ubuntu xenial InRelease
    dockerhost: Hit:4 http://archive.ubuntu.com/ubuntu xenial-updates InRelease
    dockerhost: Hit:5 http://archive.ubuntu.com/ubuntu xenial-backports InRelease
    dockerhost: Hit:6 http://security.ubuntu.com/ubuntu xenial-security InRelease
    dockerhost: Fetched 87.2 kB in 4s (18.8 kB/s)
    dockerhost: Reading package lists...
    dockerhost: Reading package lists...
    dockerhost: Building dependency tree...
    dockerhost: Reading state information...
    dockerhost: The following additional packages will be installed:
    dockerhost:   docker-ce-rootless-extras docker-scan-plugin libltdl7 pigz
    dockerhost: Suggested packages:
    dockerhost:   aufs-tools cgroupfs-mount | cgroup-lite
    dockerhost: Recommended packages:
    dockerhost:   slirp4netns
    dockerhost: The following NEW packages will be installed:
    dockerhost:   containerd.io docker-ce docker-ce-cli docker-ce-rootless-extras
    dockerhost:   docker-scan-plugin libltdl7 pigz
    dockerhost: 0 upgraded, 7 newly installed, 0 to remove and 0 not upgraded.
    dockerhost: Need to get 107 MB of archives.
    dockerhost: After this operation, 466 MB of additional disk space will be used.
    dockerhost: Get:1 https://download.docker.com/linux/ubuntu xenial/stable amd64 containerd.io amd64 1.4.6-1 [28.0 MB]
    dockerhost: Get:2 http://archive.ubuntu.com/ubuntu xenial/universe amd64 pigz amd64 2.3.1-2 [61.1 kB]
    dockerhost: Get:3 http://archive.ubuntu.com/ubuntu xenial/main amd64 libltdl7 amd64 2.4.6-0.1 [38.3 kB]
    dockerhost: Get:4 https://download.docker.com/linux/ubuntu xenial/stable amd64 docker-ce-cli amd64 5:20.10.7~3-0~ubuntu-xenial [41.1 MB]
    dockerhost: Get:5 https://download.docker.com/linux/ubuntu xenial/stable amd64 docker-ce amd64 5:20.10.7~3-0~ubuntu-xenial [24.8 MB]
    dockerhost: Get:6 https://download.docker.com/linux/ubuntu xenial/stable amd64 docker-ce-rootless-extras amd64 5:20.10.7~3-0~ubuntu-xenial [9,052 kB]
    dockerhost: Get:7 https://download.docker.com/linux/ubuntu xenial/stable amd64 docker-scan-plugin amd64 0.8.0~ubuntu-xenial [3,889 kB]
    dockerhost: dpkg-preconfigure: unable to re-open stdin: No such file or directory
    dockerhost: Fetched 107 MB in 17s (6,003 kB/s)
    dockerhost: Selecting previously unselected package pigz.
(Reading database ... 54600 files and directories currently installed.)
    dockerhost: Preparing to unpack .../pigz_2.3.1-2_amd64.deb ...
    dockerhost: Unpacking pigz (2.3.1-2) ...
    dockerhost: Selecting previously unselected package containerd.io.
    dockerhost: Preparing to unpack .../containerd.io_1.4.6-1_amd64.deb ...
    dockerhost: Unpacking containerd.io (1.4.6-1) ...
    dockerhost: Selecting previously unselected package docker-ce-cli.
    dockerhost: Preparing to unpack .../docker-ce-cli_5%3a20.10.7~3-0~ubuntu-xenial_amd64.deb ...
    dockerhost: Unpacking docker-ce-cli (5:20.10.7~3-0~ubuntu-xenial) ...
    dockerhost: Selecting previously unselected package docker-ce.
    dockerhost: Preparing to unpack .../docker-ce_5%3a20.10.7~3-0~ubuntu-xenial_amd64.deb ...
    dockerhost: Unpacking docker-ce (5:20.10.7~3-0~ubuntu-xenial) ...
    dockerhost: Selecting previously unselected package docker-ce-rootless-extras.
    dockerhost: Preparing to unpack .../docker-ce-rootless-extras_5%3a20.10.7~3-0~ubuntu-xenial_amd64.deb ...
    dockerhost: Unpacking docker-ce-rootless-extras (5:20.10.7~3-0~ubuntu-xenial) ...
    dockerhost: Selecting previously unselected package docker-scan-plugin.
    dockerhost: Preparing to unpack .../docker-scan-plugin_0.8.0~ubuntu-xenial_amd64.deb ...
    dockerhost: Unpacking docker-scan-plugin (0.8.0~ubuntu-xenial) ...
    dockerhost: Selecting previously unselected package libltdl7:amd64.
    dockerhost: Preparing to unpack .../libltdl7_2.4.6-0.1_amd64.deb ...
    dockerhost: Unpacking libltdl7:amd64 (2.4.6-0.1) ...
    dockerhost: Processing triggers for man-db (2.7.5-1) ...
    dockerhost: Processing triggers for ureadahead (0.100.0-19.1) ...
    dockerhost: Processing triggers for systemd (229-4ubuntu21.31) ...
    dockerhost: Processing triggers for libc-bin (2.23-0ubuntu11.3) ...
    dockerhost: Setting up pigz (2.3.1-2) ...
    dockerhost: Setting up containerd.io (1.4.6-1) ...
    dockerhost: Setting up docker-ce-cli (5:20.10.7~3-0~ubuntu-xenial) ...
    dockerhost: Setting up docker-ce (5:20.10.7~3-0~ubuntu-xenial) ...
    dockerhost: Setting up docker-ce-rootless-extras (5:20.10.7~3-0~ubuntu-xenial) ...
    dockerhost: Setting up docker-scan-plugin (0.8.0~ubuntu-xenial) ...
    dockerhost: Setting up libltdl7:amd64 (2.4.6-0.1) ...
    dockerhost: Processing triggers for ureadahead (0.100.0-19.1) ...
    dockerhost: Processing triggers for systemd (229-4ubuntu21.31) ...
    dockerhost: Processing triggers for libc-bin (2.23-0ubuntu11.3) ...
    dockerhost: Docker version 20.10.7, build f0df350
    dockerhost: c4d1eccf075c21475ebe2e08d23a9eb8b5d5c39ec8c215d3559c2e0a6feb7d55
    dockerhost: 1f93e58f12b3350c5351bf03f17c85580bee504451d6586083d86093ad73048d
    dockerhost: Unable to find image 'cantonerobin/modul300_ci-cd:latest' locally
    dockerhost: latest: Pulling from cantonerobin/modul300_ci-cd
    dockerhost: 5b5fe70539cd: Pulling fs layer
    dockerhost: 441a1b465367: Pulling fs layer
    dockerhost: 3b9543f2b500: Pulling fs layer
    dockerhost: ca89ed5461a9: Pulling fs layer
    dockerhost: b0e1283145af: Pulling fs layer
    dockerhost: 4b98867cde79: Pulling fs layer
    dockerhost: 4a85ce26214d: Pulling fs layer
    dockerhost: fe504b1230e1: Pulling fs layer
    dockerhost: ca89ed5461a9: Waiting
    dockerhost: b0e1283145af: Waiting
    dockerhost: 4b98867cde79: Waiting
    dockerhost: 4a85ce26214d: Waiting
    dockerhost: fe504b1230e1: Waiting
    dockerhost: 3b9543f2b500: Download complete
    dockerhost: 5b5fe70539cd: Verifying Checksum
    dockerhost: 5b5fe70539cd: Download complete
    dockerhost: ca89ed5461a9: Verifying Checksum
    dockerhost: ca89ed5461a9: Download complete
    dockerhost: 441a1b465367: Verifying Checksum
    dockerhost: 441a1b465367: Download complete
    dockerhost: 4b98867cde79: Verifying Checksum
    dockerhost: 4b98867cde79: Download complete
    dockerhost: 4a85ce26214d: Verifying Checksum
    dockerhost: 4a85ce26214d: Download complete
    dockerhost: b0e1283145af: Verifying Checksum
    dockerhost: b0e1283145af: Download complete
    dockerhost: fe504b1230e1: Verifying Checksum
    dockerhost: 5b5fe70539cd: Pull complete
    dockerhost: 441a1b465367: Pull complete
    dockerhost: 3b9543f2b500: Pull complete
    dockerhost: ca89ed5461a9: Pull complete
    dockerhost: b0e1283145af: Pull complete
    dockerhost: 4b98867cde79: Pull complete
    dockerhost: 4a85ce26214d: Pull complete
    dockerhost: fe504b1230e1: Pull complete
    dockerhost: Digest: sha256:153712d2210735b22e58974f1ddf925d943f4990038697332dce35458a836f81
    dockerhost: Status: Downloaded newer image for cantonerobin/modul300_ci-cd:latest
    dockerhost: 0ca2e3f4b8dd8c5f9942111c165bb9608182165b5c028967dd3df9a3988e2bb3
    dockerhost: Unable to find image 'nginx:latest' locally
    dockerhost: latest: Pulling from library/nginx
    dockerhost: 5b5fe70539cd: Already exists
    dockerhost: 441a1b465367: Already exists
    dockerhost: 3b9543f2b500: Already exists
    dockerhost: ca89ed5461a9: Already exists
    dockerhost: b0e1283145af: Already exists
    dockerhost: 4b98867cde79: Already exists
    dockerhost: 4a85ce26214d: Already exists
    dockerhost: Digest: sha256:593dac25b7733ffb7afe1a72649a43e574778bf025ad60514ef40f6b5d606247
    dockerhost: Status: Downloaded newer image for nginx:latest
    dockerhost: e8a72413713b6c61dd3942b464525cff71d1ad2aa1eb4ac5dccae5bb267aa278
PS D:\git\m300_CI-CD\vagrant> vagrant ssh
Welcome to Ubuntu 16.04.7 LTS (GNU/Linux 4.4.0-210-generic x86_64)

 * Documentation:  https://help.ubuntu.com
 * Management:     https://landscape.canonical.com
 * Support:        https://ubuntu.com/advantage

Expanded Security Maintenance for Infrastructure is not enabled.

0 updates can be applied immediately.

170 additional security updates can be applied with ESM Infra.
Learn more about enabling ESM Infra service for Ubuntu 16.04 at
https://ubuntu.com/16-04

New release '18.04.6 LTS' available.
Run 'do-release-upgrade' to upgrade to it.


vagrant@docker01:~$ sudo su
root@docker01:/home/vagrant# docker ps
CONTAINER ID   IMAGE                                COMMAND                  CREATED         STATUS         PORTS                               NAMES
e8a72413713b   nginx:latest                         "/docker-entrypoint.…"   2 minutes ago   Up 2 minutes   0.0.0.0:80->80/tcp, :::80->80/tcp   reverse-proxy
0ca2e3f4b8dd   cantonerobin/modul300_ci-cd:latest   "/docker-entrypoint.…"   2 minutes ago   Up 2 minutes   80/tcp                              web
root@docker01:/home/vagrant# ip a
1: lo: <LOOPBACK,UP,LOWER_UP> mtu 65536 qdisc noqueue state UNKNOWN group default qlen 1
    link/loopback 00:00:00:00:00:00 brd 00:00:00:00:00:00
    inet 127.0.0.1/8 scope host lo
       valid_lft forever preferred_lft forever
    inet6 ::1/128 scope host
       valid_lft forever preferred_lft forever
2: enp0s3: <BROADCAST,MULTICAST,UP,LOWER_UP> mtu 1500 qdisc pfifo_fast state UP group default qlen 1000
    link/ether 02:be:82:6b:cc:1d brd ff:ff:ff:ff:ff:ff
    inet 10.0.2.15/24 brd 10.0.2.255 scope global enp0s3
       valid_lft forever preferred_lft forever
    inet6 fe80::be:82ff:fe6b:cc1d/64 scope link
       valid_lft forever preferred_lft forever
3: enp0s8: <BROADCAST,MULTICAST,UP,LOWER_UP> mtu 1500 qdisc pfifo_fast state UP group default qlen 1000
    link/ether 08:00:27:1b:26:b2 brd ff:ff:ff:ff:ff:ff
    inet 192.168.55.100/24 brd 192.168.55.255 scope global enp0s8
       valid_lft forever preferred_lft forever
    inet6 fe80::a00:27ff:fe1b:26b2/64 scope link
       valid_lft forever preferred_lft forever
4: docker0: <NO-CARRIER,BROADCAST,MULTICAST,UP> mtu 1500 qdisc noqueue state DOWN group default
    link/ether 02:42:89:2c:d4:0a brd ff:ff:ff:ff:ff:ff
    inet 172.17.0.1/16 brd 172.17.255.255 scope global docker0
       valid_lft forever preferred_lft forever
5: br-c4d1eccf075c: <NO-CARRIER,BROADCAST,MULTICAST,UP> mtu 1500 qdisc noqueue state DOWN group default
    link/ether 02:42:e0:09:78:35 brd ff:ff:ff:ff:ff:ff
    inet 172.18.0.1/16 brd 172.18.255.255 scope global br-c4d1eccf075c
       valid_lft forever preferred_lft forever
6: br-1f93e58f12b3: <BROADCAST,MULTICAST,UP,LOWER_UP> mtu 1500 qdisc noqueue state UP group default
    link/ether 02:42:0f:21:6a:64 brd ff:ff:ff:ff:ff:ff
    inet 172.19.0.1/16 brd 172.19.255.255 scope global br-1f93e58f12b3
       valid_lft forever preferred_lft forever
    inet6 fe80::42:fff:fe21:6a64/64 scope link
       valid_lft forever preferred_lft forever
8: vethb225d2e@if7: <BROADCAST,MULTICAST,UP,LOWER_UP> mtu 1500 qdisc noqueue master br-1f93e58f12b3 state UP group default
    link/ether b6:f5:3f:bf:b8:54 brd ff:ff:ff:ff:ff:ff link-netnsid 0
    inet6 fe80::b4f5:3fff:febf:b854/64 scope link
       valid_lft forever preferred_lft forever
10: vethff02127@if9: <BROADCAST,MULTICAST,UP,LOWER_UP> mtu 1500 qdisc noqueue master br-1f93e58f12b3 state UP group default
    link/ether c6:7d:39:3e:14:dc brd ff:ff:ff:ff:ff:ff link-netnsid 1
    inet6 fe80::c47d:39ff:fe3e:14dc/64 scope link
       valid_lft forever preferred_lft forever
       