[    0.000000] Initializing cgroup subsys cpuset
[    0.000000] Initializing cgroup subsys cpu
[    0.000000] Initializing cgroup subsys cpuacct
[    0.000000] Linux version 4.4.0-210-generic (buildd@lgw01-amd64-009) (gcc version 5.4.0 20160609 (Ubuntu 5.4.0-6ubuntu1~16.04.12) ) #242-Ubuntu SMP Fri Apr 16 09:57:56 UTC 2021 (Ubuntu 4.4.0-210.242-generic 4.4.262)
[    0.000000] Command line: BOOT_IMAGE=/boot/vmlinuz-4.4.0-210-generic root=LABEL=cloudimg-rootfs ro console=tty1 console=ttyS0
[    0.000000] KERNEL supported cpus:
[    0.000000]   Intel GenuineIntel
[    0.000000]   AMD AuthenticAMD
[    0.000000]   Centaur CentaurHauls
[    0.000000] x86/fpu: Legacy x87 FPU detected.
[    0.000000] e820: BIOS-provided physical RAM map:
[    0.000000] BIOS-e820: [mem 0x0000000000000000-0x000000000009fbff] usable
[    0.000000] BIOS-e820: [mem 0x000000000009fc00-0x000000000009ffff] reserved
[    0.000000] BIOS-e820: [mem 0x00000000000f0000-0x00000000000fffff] reserved
[    0.000000] BIOS-e820: [mem 0x0000000000100000-0x000000001ffeffff] usable
[    0.000000] BIOS-e820: [mem 0x000000001fff0000-0x000000001fffffff] ACPI data
[    0.000000] BIOS-e820: [mem 0x00000000fec00000-0x00000000fec00fff] reserved
[    0.000000] BIOS-e820: [mem 0x00000000fee00000-0x00000000fee00fff] reserved
[    0.000000] BIOS-e820: [mem 0x00000000fffc0000-0x00000000ffffffff] reserved
[    0.000000] NX (Execute Disable) protection: active
[    0.000000] SMBIOS 2.5 present.
[    0.000000] Hypervisor detected: KVM
[    0.000000] Kernel/User page tables isolation: disabled
[    0.000000] e820: last_pfn = 0x1fff0 max_arch_pfn = 0x400000000
[    0.000000] MTRR: Disabled
[    0.000000] x86/PAT: MTRRs disabled, skipping PAT initialization too.
[    0.000000] CPU MTRRs all blank - virtualized system.
[    0.000000] x86/PAT: Configuration [0-7]: WB  WT  UC- UC  WB  WT  UC- UC  
[    0.000000] found SMP MP-table at [mem 0x0009fff0-0x0009ffff] mapped at [ffff88000009fff0]
[    0.000000] Scanning 1 areas for low memory corruption
[    0.000000] RAMDISK: [mem 0x1e8c2000-0x1f74bfff]
[    0.000000] ACPI: Early table checksum verification disabled
[    0.000000] ACPI: RSDP 0x00000000000E0000 000024 (v02 VBOX  )
[    0.000000] ACPI: XSDT 0x000000001FFF0030 00003C (v01 VBOX   VBOXXSDT 00000001 ASL  00000061)
[    0.000000] ACPI: FACP 0x000000001FFF00F0 0000F4 (v04 VBOX   VBOXFACP 00000001 ASL  00000061)
[    0.000000] ACPI: DSDT 0x000000001FFF0610 002353 (v02 VBOX   VBOXBIOS 00000002 INTL 20100528)
[    0.000000] ACPI: FACS 0x000000001FFF0200 000040
[    0.000000] ACPI: FACS 0x000000001FFF0200 000040
[    0.000000] ACPI: APIC 0x000000001FFF0240 00005C (v02 VBOX   VBOXAPIC 00000001 ASL  00000061)
[    0.000000] ACPI: SSDT 0x000000001FFF02A0 00036C (v01 VBOX   VBOXCPUT 00000002 INTL 20100528)
[    0.000000] No NUMA configuration found
[    0.000000] Faking a node at [mem 0x0000000000000000-0x000000001ffeffff]
[    0.000000] NODE_DATA(0) allocated [mem 0x1ffeb000-0x1ffeffff]
[    0.000000] kvm-clock: Using msrs 4b564d01 and 4b564d00
[    0.000000] kvm-clock: cpu 0, msr 0:1ffe3001, primary cpu clock
[    0.000000] kvm-clock: using sched offset of 3463201639 cycles
[    0.000000] clocksource: kvm-clock: mask: 0xffffffffffffffff max_cycles: 0x1cd42e4dffb, max_idle_ns: 881590591483 ns
[    0.000000] Zone ranges:
[    0.000000]   DMA      [mem 0x0000000000001000-0x0000000000ffffff]
[    0.000000]   DMA32    [mem 0x0000000001000000-0x000000001ffeffff]
[    0.000000]   Normal   empty
[    0.000000]   Device   empty
[    0.000000] Movable zone start for each node
[    0.000000] Early memory node ranges
[    0.000000]   node   0: [mem 0x0000000000001000-0x000000000009efff]
[    0.000000]   node   0: [mem 0x0000000000100000-0x000000001ffeffff]
[    0.000000] Initmem setup node 0 [mem 0x0000000000001000-0x000000001ffeffff]
[    0.000000] ACPI: PM-Timer IO Port: 0x4008
[    0.000000] IOAPIC[0]: apic_id 2, version 32, address 0xfec00000, GSI 0-23
[    0.000000] ACPI: INT_SRC_OVR (bus 0 bus_irq 0 global_irq 2 dfl dfl)
[    0.000000] ACPI: INT_SRC_OVR (bus 0 bus_irq 9 global_irq 9 low level)
[    0.000000] Using ACPI (MADT) for SMP configuration information
[    0.000000] smpboot: Allowing 2 CPUs, 0 hotplug CPUs
[    0.000000] PM: Registered nosave memory: [mem 0x00000000-0x00000fff]
[    0.000000] PM: Registered nosave memory: [mem 0x0009f000-0x0009ffff]
[    0.000000] PM: Registered nosave memory: [mem 0x000a0000-0x000effff]
[    0.000000] PM: Registered nosave memory: [mem 0x000f0000-0x000fffff]
[    0.000000] e820: [mem 0x20000000-0xfebfffff] available for PCI devices
[    0.000000] Booting paravirtualized kernel on KVM
[    0.000000] clocksource: refined-jiffies: mask: 0xffffffff max_cycles: 0xffffffff, max_idle_ns: 7645519600211568 ns
[    0.000000] setup_percpu: NR_CPUS:512 nr_cpumask_bits:512 nr_cpu_ids:2 nr_node_ids:1
[    0.000000] PERCPU: Embedded 33 pages/cpu @ffff88001fc00000 s95192 r8192 d31784 u1048576
[    0.000000] Built 1 zonelists in Node order, mobility grouping on.  Total pages: 128888
[    0.000000] Policy zone: DMA32
[    0.000000] Kernel command line: BOOT_IMAGE=/boot/vmlinuz-4.4.0-210-generic root=LABEL=cloudimg-rootfs ro console=tty1 console=ttyS0
[    0.000000] PID hash table entries: 2048 (order: 2, 16384 bytes)
[    0.000000] Memory: 481712K/523832K available (8644K kernel code, 1332K rwdata, 4044K rodata, 1492K init, 1164K bss, 42120K reserved, 0K cma-reserved)
[    0.000000] SLUB: HWalign=64, Order=0-3, MinObjects=0, CPUs=2, Nodes=1
[    0.000000] Hierarchical RCU implementation.
[    0.000000] 	Build-time adjustment of leaf fanout to 64.
[    0.000000] 	RCU restricting CPUs from NR_CPUS=512 to nr_cpu_ids=2.
[    0.000000] RCU: Adjusting geometry for rcu_fanout_leaf=64, nr_cpu_ids=2
[    0.000000] NR_IRQS:33024 nr_irqs:440 16
[    0.000000] Console: colour VGA+ 80x25
[    0.000000] console [tty1] enabled
[    0.000000] console [ttyS0] enabled
[    0.000000] tsc: Detected 2304.004 MHz processor
[    0.412612] Calibrating delay loop (skipped) preset value.. 4608.00 BogoMIPS (lpj=9216016)
[    0.418906] pid_max: default: 32768 minimum: 301
[    0.422241] ACPI: Core revision 20150930
[    0.425993] ACPI: 2 ACPI AML tables successfully acquired and loaded
[    0.431329] Security Framework initialized
[    0.434286] Yama: becoming mindful.
[    0.437087] AppArmor: AppArmor initialized
[    0.440079] Dentry cache hash table entries: 65536 (order: 7, 524288 bytes)
[    0.445067] Inode-cache hash table entries: 32768 (order: 6, 262144 bytes)
[    0.449973] Mount-cache hash table entries: 1024 (order: 1, 8192 bytes)
[    0.454533] Mountpoint-cache hash table entries: 1024 (order: 1, 8192 bytes)
[    0.462502] Initializing cgroup subsys io
[    0.465482] Initializing cgroup subsys memory
[    0.468696] Initializing cgroup subsys devices
[    0.471865] Initializing cgroup subsys freezer
[    0.475397] Initializing cgroup subsys net_cls
[    0.479741] Initializing cgroup subsys perf_event
[    0.483308] Initializing cgroup subsys net_prio
[    0.486661] Initializing cgroup subsys hugetlb
[    0.490319] Initializing cgroup subsys pids
[    0.497711] mce: CPU supports 0 MCE banks
[    0.500918] Last level iTLB entries: 4KB 64, 2MB 8, 4MB 8
[    0.505137] Last level dTLB entries: 4KB 64, 2MB 0, 4MB 0, 1GB 4
[    0.511775] Spectre V1 : Mitigation: usercopy/swapgs barriers and __user pointer sanitization
[    0.518732] Spectre V2 : Mitigation: Enhanced IBRS
[    0.522803] Spectre V2 : Spectre v2 / SpectreRSB mitigation: Filling RSB on context switch
[    0.532297] Speculative Store Bypass: Vulnerable
[    0.535749] SRBDS: Mitigation: TSX disabled
[    0.585066] Freeing SMP alternatives memory: 36K
[    0.682459] ftrace: allocating 32380 entries in 127 pages
[    1.317797] smpboot: APIC(0) Converting physical 0 to logical package 0
[    1.323013] smpboot: Max logical packages: 1
[    1.337418] ..TIMER: vector=0x30 apic1=0 pin1=2 apic2=-1 pin2=-1
[    1.449536] APIC calibration not consistent with PM-Timer: 101ms instead of 100ms
[    1.456137] APIC delta adjusted to PM-Timer: 6278393 (6400680)
[    1.460416] smpboot: CPU0: Intel(R) Core(TM) i7-10510U CPU @ 1.80GHz (family: 0x6, model: 0x8e, stepping: 0xc)
[    1.467162] Performance Events: unsupported p6 CPU model 142 no PMU driver, software events only.
[    1.563106] KVM setup paravirtual spinlock
[    1.566895] x86: Booting SMP configuration:
[    1.569623] .... node  #0, CPUs:      #1
[    1.573625] kvm-clock: cpu 1, msr 0:1ffe3041, secondary cpu clock
[    1.578792] mce: CPU supports 0 MCE banks
[    1.582718] TSC synchronization [CPU#0 -> CPU#1]:
[    1.586119] Measured 167442 cycles TSC warp between CPUs, turning off TSC clock.
[    1.590653] tsc: Marking TSC unstable due to check_tsc_sync_source failed
[    0.482296] x86: Booted up 1 node, 2 CPUs
[    0.484002] smpboot: Total of 2 processors activated (9216.01 BogoMIPS)
[    0.492094] devtmpfs: initialized
[    0.497388] evm: security.selinux
[    0.499531] evm: security.SMACK64
[    0.500004] evm: security.SMACK64EXEC
[    0.504001] evm: security.SMACK64TRANSMUTE
[    0.506633] evm: security.SMACK64MMAP
[    0.508001] evm: security.ima
[    0.509948] evm: security.capability
[    0.512183] clocksource: jiffies: mask: 0xffffffff max_cycles: 0xffffffff, max_idle_ns: 7645041785100000 ns
[    0.516008] futex hash table entries: 512 (order: 3, 32768 bytes)
[    0.520136] pinctrl core: initialized pinctrl subsystem
[    0.524245] RTC time: 11:21:25, date: 05/22/23
[    0.528692] NET: Registered protocol family 16
[    0.544021] cpuidle: using governor ladder
[    0.556009] cpuidle: using governor menu
[    0.558530] PCCT header not found.
[    0.560141] ACPI: bus type PCI registered
[    0.564005] acpiphp: ACPI Hot Plug PCI Controller Driver version: 0.5
[    0.568231] PCI: Using configuration type 1 for base access
[    0.588305] ACPI: Added _OSI(Module Device)
[    0.592002] ACPI: Added _OSI(Processor Device)
[    0.596002] ACPI: Added _OSI(3.0 _SCP Extensions)
[    0.598988] ACPI: Added _OSI(Processor Aggregator Device)
[    0.604383] ACPI: Executed 1 blocks of module-level executable AML code
[    0.613472] ACPI: Interpreter enabled
[    0.616015] ACPI: (supports S0 S5)
[    0.618186] ACPI: Using IOAPIC for interrupt routing
[    0.620264] PCI: Using host bridge windows from ACPI; if necessary, use "pci=nocrs" and report a bug
[    0.629817] ACPI: PCI Root Bridge [PCI0] (domain 0000 [bus 00-ff])
[    0.632005] acpi PNP0A03:00: _OSC: OS supports [ASPM ClockPM Segments MSI]
[    0.636503] acpi PNP0A03:00: _OSC: not requesting OS control; OS requires [ExtendedConfig ASPM ClockPM MSI]
[    0.640009] acpi PNP0A03:00: fail to add MMCONFIG information, can't access extended PCI configuration space under this bridge.
[    0.644536] PCI host bridge to bus 0000:00
[    0.648003] pci_bus 0000:00: root bus resource [io  0x0000-0x0cf7 window]
[    0.652005] pci_bus 0000:00: root bus resource [io  0x0d00-0xffff window]
[    0.656003] pci_bus 0000:00: root bus resource [mem 0x000a0000-0x000bffff window]
[    0.660003] pci_bus 0000:00: root bus resource [mem 0x20000000-0xfdffffff window]
[    0.664003] pci_bus 0000:00: root bus resource [bus 00-ff]
[    0.672652] pci 0000:00:01.1: legacy IDE quirk: reg 0x10: [io  0x01f0-0x01f7]
[    0.676005] pci 0000:00:01.1: legacy IDE quirk: reg 0x14: [io  0x03f6]
[    0.680007] pci 0000:00:01.1: legacy IDE quirk: reg 0x18: [io  0x0170-0x0177]
[    0.684004] pci 0000:00:01.1: legacy IDE quirk: reg 0x1c: [io  0x0376]
[    0.705454] pci 0000:00:07.0: quirk: [io  0x4000-0x403f] claimed by PIIX4 ACPI
[    0.708036] pci 0000:00:07.0: quirk: [io  0x4100-0x410f] claimed by PIIX4 SMB
[    0.719248] ACPI: PCI Interrupt Link [LNKA] (IRQs 5 9 10 *11)
[    0.725579] ACPI: PCI Interrupt Link [LNKB] (IRQs 5 9 *10 11)
[    0.730344] ACPI: PCI Interrupt Link [LNKC] (IRQs 5 *9 10 11)
[    0.737289] ACPI: PCI Interrupt Link [LNKD] (IRQs 5 9 10 *11)
[    0.742655] ACPI: Enabled 2 GPEs in block 00 to 07
[    0.748037] vgaarb: setting as boot device: PCI:0000:00:02.0
[    0.751870] vgaarb: device added: PCI:0000:00:02.0,decodes=io+mem,owns=io+mem,locks=none
[    0.752005] vgaarb: loaded
[    0.754042] vgaarb: bridge control possible 0000:00:02.0
[    0.756279] SCSI subsystem initialized
[    0.760239] ACPI: bus type USB registered
[    0.764026] usbcore: registered new interface driver usbfs
[    0.768024] usbcore: registered new interface driver hub
[    0.772014] usbcore: registered new device driver usb
[    0.776313] PCI: Using ACPI for IRQ routing
[    0.780714] NetLabel: Initializing
[    0.784002] NetLabel:  domain hash size = 128
[    0.788002] NetLabel:  protocols = UNLABELED CIPSOv4
[    0.792019] NetLabel:  unlabeled traffic allowed by default
[    0.796151] amd_nb: Cannot enumerate AMD northbridges
[    0.800226] clocksource: Switched to clocksource kvm-clock
[    0.821134] AppArmor: AppArmor Filesystem Enabled
[    0.821932] pnp: PnP ACPI init
[    0.821932] pnp: PnP ACPI: found 3 devices
[    0.869913] clocksource: acpi_pm: mask: 0xffffff max_cycles: 0xffffff, max_idle_ns: 2085701024 ns
[    0.872923] NET: Registered protocol family 2
[    0.881442] TCP established hash table entries: 4096 (order: 3, 32768 bytes)
[    0.886766] TCP bind hash table entries: 4096 (order: 4, 65536 bytes)
[    0.890623] TCP: Hash tables configured (established 4096 bind 4096)
[    0.890623] UDP hash table entries: 256 (order: 1, 8192 bytes)
[    0.890623] UDP-Lite hash table entries: 256 (order: 1, 8192 bytes)
[    0.890623] NET: Registered protocol family 1
[    0.890623] pci 0000:00:00.0: Limiting direct PCI/PCI transfers
[    0.890623] pci 0000:00:01.0: Activating ISA DMA hang workarounds
[    0.890623] Unpacking initramfs...
[    0.890623] Freeing initrd memory: 14888K
[    0.890623] clocksource: tsc: mask: 0xffffffffffffffff max_cycles: 0x2135fb8e938, max_idle_ns: 440795220508 ns
[    0.890623] platform rtc_cmos: registered platform RTC device (no PNP device found)
[    0.890623] Scanning for low memory corruption every 60 seconds
[    1.201880] audit: initializing netlink subsys (disabled)
[    1.205747] audit: type=2000 audit(1684754489.855:1): initialized
[    1.210325] Initialise system trusted keyring
[    1.214938] HugeTLB registered 2 MB page size, pre-allocated 0 pages
[    1.222331] zbud: loaded
[    1.224829] VFS: Disk quotas dquot_6.6.0
[    1.227609] VFS: Dquot-cache hash table entries: 512 (order 0, 4096 bytes)
[    1.233163] squashfs: version 4.0 (2009/01/31) Phillip Lougher
[    1.238656] fuse init (API version 7.23)
[    1.242139] Key type big_key registered
[    1.244756] Allocating IMA MOK and blacklist keyrings.
[    1.257538] Key type asymmetric registered
[    1.260336] Asymmetric key parser 'x509' registered
[    1.263665] Block layer SCSI generic (bsg) driver version 0.4 loaded (major 249)
[    1.269108] io scheduler noop registered
[    1.271648] io scheduler deadline registered (default)
[    1.275036] io scheduler cfq registered
[    1.277689] pci_hotplug: PCI Hot Plug PCI Core version: 0.5
[    1.281370] pciehp: PCI Express Hot Plug Controller Driver version: 0.4
[    1.285987] ACPI: AC Adapter [AC] (on-line)
[    1.288642] input: Power Button as /devices/LNXSYSTM:00/LNXPWRBN:00/input/input0
[    1.289810] ACPI: Power Button [PWRF]
[    1.289810] input: Sleep Button as /devices/LNXSYSTM:00/LNXSLPBN:00/input/input1
[    1.289810] ACPI: Sleep Button [SLPF]
[    1.303658] GHES: HEST is not enabled!
[    1.304981] ACPI: Battery Slot [BAT0] (battery present)
[    1.310231] Serial: 8250/16550 driver, 32 ports, IRQ sharing enabled
[    1.338519] 00:02: ttyS0 at I/O 0x3f8 (irq = 4, base_baud = 115200) is a 16550A
[    1.357870] Linux agpgart interface v0.103
[    1.369039] loop: module loaded
[    1.373046] scsi host0: ata_piix
[    1.375882] scsi host1: ata_piix
[    1.378252] ata1: PATA max UDMA/33 cmd 0x1f0 ctl 0x3f6 bmdma 0xd000 irq 14
[    1.382623] ata2: PATA max UDMA/33 cmd 0x170 ctl 0x376 bmdma 0xd008 irq 15
[    1.387324] libphy: Fixed MDIO Bus: probed
[    1.390381] tun: Universal TUN/TAP device driver, 1.6
[    1.393774] tun: (C) 1999-2004 Max Krasnyansky <maxk@qualcomm.com>
[    1.398475] PPP generic driver version 2.4.2
[    1.401720] ehci_hcd: USB 2.0 'Enhanced' Host Controller (EHCI) Driver
[    1.405807] ehci-pci: EHCI PCI platform driver
[    1.408925] ehci-platform: EHCI generic platform driver
[    1.412240] ohci_hcd: USB 1.1 'Open' Host Controller (OHCI) Driver
[    1.416474] ohci-pci: OHCI PCI platform driver
[    1.419349] ohci-platform: OHCI generic platform driver
[    1.422722] uhci_hcd: USB Universal Host Controller Interface driver
[    1.426982] i8042: PNP: PS/2 Controller [PNP0303:PS2K,PNP0f03:PS2M] at 0x60,0x64 irq 1,12
[    1.434889] serio: i8042 KBD port at 0x60,0x64 irq 1
[    1.437463] serio: i8042 AUX port at 0x60,0x64 irq 12
[    1.442735] mousedev: PS/2 mouse device common for all mice
[    1.450492] rtc_cmos rtc_cmos: rtc core: registered rtc_cmos as rtc0
[    1.455072] input: AT Translated Set 2 keyboard as /devices/platform/i8042/serio0/input/input2
[    1.460547] rtc_cmos rtc_cmos: alarms up to one day, 114 bytes nvram
[    1.465208] i2c /dev entries driver
[    1.469563] device-mapper: uevent: version 1.0.3
[    1.474717] device-mapper: ioctl: 4.34.0-ioctl (2015-10-28) initialised: dm-devel@redhat.com
[    1.482464] ledtrig-cpu: registered to indicate activity on CPUs
[    1.488571] NET: Registered protocol family 10
[    1.492041] NET: Registered protocol family 17
[    1.495399] Key type dns_resolver registered
[    1.498698] registered taskstats version 1
[    1.501786] Loading compiled-in X.509 certificates
[    1.505584] Loaded X.509 cert 'Build time autogenerated kernel key: cf00e047681d67edb2720680708b7d9498083038'
[    1.511938] zswap: loaded using pool lzo/zbud
[    1.519059] Key type trusted registered
[    1.528409] Key type encrypted registered
[    1.531170] AppArmor: AppArmor sha1 policy hashing enabled
[    1.534992] ima: No TPM chip found, activating TPM-bypass!
[    1.538756] ima: Allocated hash algorithm: sha1
[    1.542053] evm: HMAC attrs: 0x1
[    1.589708]   Magic number: 7:635:378
[    1.594066] rtc_cmos rtc_cmos: setting system clock to 2023-05-22 11:21:26 UTC (1684754486)
[    1.599548] BIOS EDD facility v0.16 2004-Jun-25, 0 devices found
[    1.603532] EDD information not available.
[    1.608473] Freeing unused kernel memory: 1492K
[    1.620685] Write protecting the kernel read-only data: 14336k
[    1.625685] Freeing unused kernel memory: 1584K
[    1.629409] Freeing unused kernel memory: 52K
Loading, please wait...
starting version 229
[    1.652630] random: systemd-udevd: uninitialized urandom read (16 bytes read, 9 bits of entropy available)
[    1.652686] random: udevadm: uninitialized urandom read (16 bytes read, 9 bits of entropy available)
[    1.652699] random: udevadm: uninitialized urandom read (16 bytes read, 9 bits of entropy available)
[    1.659869] random: udevadm: uninitialized urandom read (16 bytes read, 9 bits of entropy available)
[    1.659894] random: udevadm: uninitialized urandom read (16 bytes read, 9 bits of entropy available)
[    1.660004] random: udevadm: uninitialized urandom read (16 bytes read, 9 bits of entropy available)
[    1.660053] random: udevadm: uninitialized urandom read (16 bytes read, 9 bits of entropy available)
[    1.660209] random: udevadm: uninitialized urandom read (16 bytes read, 9 bits of entropy available)
[    1.660274] random: udevadm: uninitialized urandom read (16 bytes read, 9 bits of entropy available)
[    1.660302] random: udevadm: uninitialized urandom read (16 bytes read, 9 bits of entropy available)
[    1.743565] e1000: Intel(R) PRO/1000 Network Driver - version 7.3.21-k8-NAPI
[    1.749108] e1000: Copyright (c) 1999-2006 Intel Corporation.
[    1.779579] Fusion MPT base driver 3.04.20
[    1.784159] Copyright (c) 1999-2008 LSI Corporation
[    1.794533] SSE version of gcm_enc/dec engaged.
[    1.809841] Fusion MPT SPI Host driver 3.04.20
[    2.486359] e1000 0000:00:03.0 eth0: (PCI:33MHz:32-bit) 02:be:82:6b:cc:1d
[    2.490637] e1000 0000:00:03.0 eth0: Intel(R) PRO/1000 Network Connection
[    2.501574] e1000 0000:00:03.0 enp0s3: renamed from eth0
[    2.504272] mptbase: ioc0: Initiating bringup
[    2.514035] input: ImExPS/2 Generic Explorer Mouse as /devices/platform/i8042/serio1/input/input4
[    3.384543] ioc0: LSI53C1030 A0: Capabilities={Initiator}
[    3.805475] scsi host2: ioc0: LSI53C1030 A0, FwRev=00000000h, Ports=1, MaxQ=256, IRQ=20
[    4.857676] scsi 2:0:0:0: Direct-Access     VBOX     HARDDISK         1.0  PQ: 0 ANSI: 5
[    4.863674] scsi target2:0:0: Beginning Domain Validation
[    4.873007] scsi target2:0:0: Domain Validation skipping write tests
[    4.877264] scsi target2:0:0: Ending Domain Validation
[    4.880951] scsi target2:0:0: asynchronous
[    4.886572] scsi 2:0:1:0: Direct-Access     VBOX     HARDDISK         1.0  PQ: 0 ANSI: 5
[    4.890531] scsi target2:0:1: Beginning Domain Validation
[    4.901360] scsi target2:0:1: Domain Validation skipping write tests
[    4.905322] scsi target2:0:1: Ending Domain Validation
[    4.908790] scsi target2:0:1: asynchronous
[    4.933988] sd 2:0:0:0: Attached scsi generic sg0 type 0
[    4.934372] sd 2:0:0:0: [sda] 83886080 512-byte logical blocks: (42.9 GB/40.0 GiB)
[    4.935202] sd 2:0:0:0: [sda] Write Protect is off
[    4.935643] sd 2:0:0:0: [sda] Incomplete mode parameter data
[    4.935644] sd 2:0:0:0: [sda] Assuming drive cache: write through
[    4.942289]  sda: sda1
[    4.944540] sd 2:0:0:0: [sda] Attached SCSI disk
[    4.963858] sd 2:0:1:0: Attached scsi generic sg1 type 0
[    4.964988] sd 2:0:1:0: [sdb] 20480 512-byte logical blocks: (10.5 MB/10.0 MiB)
[    4.965908] sd 2:0:1:0: [sdb] Write Protect is off
[    4.966407] sd 2:0:1:0: [sdb] Incomplete mode parameter data
[    4.966407] sd 2:0:1:0: [sdb] Assuming drive cache: write through
[    4.972153] sd 2:0:1:0: [sdb] Attached SCSI disk
Begin: Loading essential drivers ... [    6.550319] md: linear personality registered for level -1
[    6.561371] md: multipath personality registered for level -4
[    6.570717] md: raid0 personality registered for level 0
[    6.587059] md: raid1 personality registered for level 1
[    6.632001] raid6: sse2x1   gen() 152596 MB/s
[    9.441702] raid6: sse2x1   xor() 135921 MB/s
[   10.447866] raid6: sse2x2   gen() 263786 MB/s
[   11.509829] raid6: sse2x2   xor() 11903 MB/s
[   11.583565] raid6: sse2x4   gen() 13664 MB/s
[   11.658574] raid6: sse2x4   xor() 11050 MB/s
[   11.661672] raid6: using algorithm sse2x2 gen() 263786 MB/s
[   11.665485] raid6: .... xor() 11903 MB/s, rmw enabled
[   11.668995] raid6: using ssse3x2 recovery algorithm
[   11.674551] xor: measuring software checksum speed
[   11.716099]    prefetch64-sse: 23798.000 MB/sec
[   11.756107]    generic_sse: 24871.000 MB/sec
[   11.760212] xor: using function: generic_sse (24871.000 MB/sec)
[   11.767116] async_tx: api initialized (async)
[   11.809672] md: raid6 personality registered for level 6
[   11.814473] md: raid5 personality registered for level 5
[   11.818896] md: raid4 personality registered for level 4
[   11.842761] md: raid10 personality registered for level 10
done.
Begin: Running /scripts/init-premount ... done.
Begin: Mounting root file system ... Begin: Running /scripts/local-top ... done.
Begin: Running /scripts/local-premount ... [   11.923408] Btrfs loaded
Scanning for Btrfs filesystems
done.
Warning: fsck not present, so skipping root file system
[   11.976703] EXT4-fs (sda1): mounted filesystem with ordered data mode. Opts: (null)
done.
Begin: Running /scripts/local-bottom ... done.
Begin: Running /scripts/init-bottom ... done.
[   12.162920] systemd[1]: systemd 229 running in system mode. (+PAM +AUDIT +SELINUX +IMA +APPARMOR +SMACK +SYSVINIT +UTMP +LIBCRYPTSETUP +GCRYPT +GNUTLS +ACL +XZ -LZ4 +SECCOMP +BLKID +ELFUTILS +KMOD -IDN)
[   12.174022] systemd[1]: Detected virtualization oracle.
[   12.177680] systemd[1]: Detected architecture x86-64.

Welcome to [1mUbuntu 16.04.7 LTS[0m!

[   12.189933] systemd[1]: Set hostname to <ubuntu>.
[   12.198262] systemd[1]: Initializing machine ID from random generator.
[   12.202657] systemd[1]: Installed transient /etc/machine-id file.
[   12.375923] systemd[1]: Reached target User and Group Name Lookups.
[[0;32m  OK  [0m] Reached target User and Group Name Lookups.
[   12.402343] systemd[1]: Set up automount Arbitrary Executable File Formats File System Automount Point.
[[0;32m  OK  [0m] Set up automount Arbitrary Executab...ats File System Automount Point.
[   12.439454] systemd[1]: Listening on udev Kernel Socket.
[[0;32m  OK  [0m] Listening on udev Kernel Socket.
[   12.549132] systemd[1]: Listening on fsck to fsckd communication Socket.
[[0;32m  OK  [0m] Listening on fsck to fsckd communication Socket.
[   12.558987] systemd[1]: Listening on LVM2 poll daemon socket.
[[0;32m  OK  [0m] Listening on LVM2 poll daemon socket.
[   12.567059] systemd[1]: Listening on Journal Socket (/dev/log).
[[0;32m  OK  [0m] Listening on Journal Socket (/dev/log).
[   12.575308] systemd[1]: Listening on Journal Socket.
[[0;32m  OK  [0m] Listening on Journal Socket.
[   12.582648] systemd[1]: Listening on Syslog Socket.
[[0;32m  OK  [0m] Listening on Syslog Socket.
[   12.590026] systemd[1]: Created slice System Slice.
[[0;32m  OK  [0m] Created slice System Slice.
[   12.613638] systemd[1]: Starting File System Check on Root Device...
         Starting File System Check on Root Device...
[   12.627498] systemd[1]: Listening on Device-mapper event daemon FIFOs.
[[0;32m  OK  [0m] Listening on Device-mapper event daemon FIFOs.
[   12.641543] systemd[1]: Listening on Journal Audit Socket.
[[0;32m  OK  [0m] Listening on Journal Audit Socket.
[   12.652423] systemd[1]: Reached target Swap.
[[0;32m  OK  [0m] Reached target Swap.
[   12.673008] systemd[1]: Mounting Huge Pages File System...
         [   12.678858] random: nonblocking pool is initialized
Mounting Huge Pages File System...
[   12.684223] systemd[1]: Reached target System Time Synchronized.
[[0;32m  OK  [0m] Reached target System Time Synchronized.
[   12.692484] systemd[1]: Listening on /dev/initctl Compatibility Named Pipe.
[[0;32m  OK  [0m] Listening on /dev/initctl Compatibility Named Pipe.
[   12.701250] systemd[1]: Listening on LVM2 metadata daemon socket.
[[0;32m  OK  [0m] Listening on LVM2 metadata daemon socket.
[   12.724755] systemd[1]: Starting Monitoring of LVM2 mirrors, snapshots etc. using dmeventd or progress polling...
         Starting Monitoring of LVM2 mirrors... dmeventd or progress polling...
[   12.738924] systemd[1]: Starting Set console keymap...
         Starting Set console keymap...
[   12.749460] systemd[1]: Mounting POSIX Message Queue File System...
         Mounting POSIX Message Queue File System...
[   12.759882] systemd[1]: Started Forward Password Requests to Wall Directory Watch.
[[0;32m  OK  [0m] Started Forward Password Requests to Wall Directory Watch.
[   12.770200] systemd[1]: Starting Uncomplicated firewall...
         Starting Uncomplicated firewall...
[   12.780071] systemd[1]: Started Trigger resolvconf update for networkd DNS.
[[0;32m  OK  [0m] Started Trigger resolvconf update for networkd DNS.
[   12.790139] systemd[1]: Created slice User and Session Slice.
[[0;32m  OK  [0m] Created slice User and Session Slice.
[   12.799144] systemd[1]: Listening on udev Control Socket.
[[0;32m  OK  [0m] Listening on udev Control Socket.
[   12.817055] systemd[1]: Starting Create list of required static device nodes for the current kernel...
         Starting Create list of required st... nodes for the current kernel...
[   12.828332] systemd[1]: Reached target Slices.
[[0;32m  OK  [0m] Reached target Slices.
[   12.837195] systemd[1]: Starting Load Kernel Modules...
         Starting Load Kernel Modules...
[   12.849225] systemd[1]: Created slice system-serial\x2dgetty.slice.
[[0;32m  OK  [0m] Created slice system-serial\x2dgetty.slice.
[   12.858305] systemd[1]: Reached target Encrypted Volumes.
[   12.862803] Loading iSCSI transport class v2.0-870.
[[0;32m  OK  [0m] Reached target Encrypted Volumes.
[   12.875576] iscsi: registered transport (tcp)
[   12.888866] systemd[1]: Starting Journal Service...
         Starting Journal Service...
[   12.902716] systemd[1]: Mounting Debug File System...
         Mounting Debug File System...
[   12.914062] systemd[1]: Starting Nameserver information manager...
         Starting Nameserver information manager...
[   12.925363] systemd[1]: Mounted Huge Pages File System.
[[0;32m  OK  [0m] Mounted Huge Pages File System.
[   12.937117] systemd[1]: Mounted POSIX Message Queue File System.
[[0;32m  OK  [0m] Mounted POSIX Message Queue File System.
[   12.947937] systemd[1]: Mounted Debug File System.
[[0;32m  OK  [0m] Mounted Debug File System.
[   12.959719] systemd[1]: Started Journal Service.
[[0;32m  OK  [0m] Started Journal Service.
[[0;32m  OK  [0m] Started File System Check on Root Device.
[[0;32m  OK  [0m] Started Set console keymap.
[[0;32m  OK  [0m] Started Uncomplicated firewall.[   12.994011] iscsi: registered transport (iser)

[[0;32m  OK  [0m] Started Create list of required sta...ce nodes for the current kernel.
[[0;32m  OK  [0m] Started Load Kernel Modules.
[[0;32m  OK  [0m] Started LVM2 metadata daemon.
[[0;32m  OK  [0m] Started File System Check Daemon to report status.
         Mounting FUSE Control File System...
         Starting Apply Kernel Variables...
         Starting Create Static Device Nodes in /dev...
         Starting Remount Root and Kernel File Systems...
[[0;32m  OK  [0m] Mounted FUSE Control File System.
[[0;32m  OK  [0m] Started Nameserver information manager.
[[0;32m  OK  [0m] Started Apply Kernel Variables.
[[0;32m  OK  [0m] Started Create Static Device Nodes in /dev.
[[0;32m  OK  [0m] Started Remount Root and Kernel File Systems.
         Starting Flush Journal to Persistent Storage...
         Starting udev Coldplug all Devices...
         Starting Load/Save Random Seed...
         Starting udev Kernel Device Manager...
[[0;32m  OK  [0m] Started Load/Save Random Seed.
[[0;32m  OK  [0m] Started Flush Journal to Persistent Storage.
[[0;32m  OK  [0m] Started udev Coldplug all Devices.
[[0;32m  OK  [0m] Started udev Kernel Device Manager.
[[0;32m  OK  [0m] Started Dispatch Password Requests to Console Directory Watch.
[[0;32m  OK  [0m] Found device /dev/ttyS0.
[[0;32m  OK  [0m] Started Monitoring of LVM2 mirrors,...ng dmeventd or progress polling.
[[0;32m  OK  [0m] Reached target Local File Systems (Pre).
[[0;32m  OK  [0m] Reached target Local File Systems.
         Starting Create Volatile Files and Directories...
         Starting Commit a transient machine-id on disk...
         Starting Initial cloud-init job (pre-networking)...
         Starting Tell Plymouth To Write Out Runtime Data...
         Starting Set console font and keymap...
         Starting LSB: AppArmor initialization...
[[0;32m  OK  [0m] Started Create Volatile Files and Directories.
[[0;32m  OK  [0m] Listening on Load/Save RF Kill Switch Status /dev/rfkill Watch.
         Starting Update UTMP about System Boot/Shutdown...
[[0;32m  OK  [0m] Started Tell Plymouth To Write Out Runtime Data.
[[0;32m  OK  [0m] Started Update UTMP about System Boot/Shutdown.
[[0;32m  OK  [0m] Started Commit a transient machine-id on disk.
[[0;32m  OK  [0m] Started LSB: AppArmor initialization.
         Starting Load AppArmor profiles managed internally by snapd...
[[0;32m  OK  [0m] Started Load AppArmor profiles managed internally by snapd.
[   14.676753] cloud-init[511]: Cloud-init v. 21.1-19-gbad84ad4-0ubuntu1~16.04.2 running 'init-local' at Mon, 22 May 2023 11:21:39 +0000. Up 14.40 seconds.
[[0;32m  OK  [0m] Started Initial cloud-init job (pre-networking).
[[0;32m  OK  [0m] Reached target Network (Pre).
         Starting Raise network interfaces...
[[0;32m  OK  [0m] Started Set console font and keymap.
[[0;32m  OK  [0m] Created slice system-getty.slice.
[[0;32m  OK  [0m] Started Raise network interfaces.
[[0;32m  OK  [0m] Reached target Network.
         Starting Initial cloud-init job (metadata service crawler)...
[   16.515435] cloud-init[933]: Cloud-init v. 21.1-19-gbad84ad4-0ubuntu1~16.04.2 running 'init' at Mon, 22 May 2023 11:21:40 +0000. Up 15.62 seconds.
[   16.520071] cloud-init[933]: ci-info: ++++++++++++++++++++++++++++++++++++++Net device info++++++++++++++++++++++++++++++++++++++
[   16.524599] cloud-init[933]: ci-info: +--------+------+----------------------------+---------------+--------+-------------------+
[   16.528943] cloud-init[933]: ci-info: | Device |  Up  |          Address           |      Mask     | Scope  |     Hw-Address    |
[   16.532911] cloud-init[933]: ci-info: +--------+------+----------------------------+---------------+--------+-------------------+
[   16.536842] cloud-init[933]: ci-info: | enp0s3 | True |         10.0.2.15          | 255.255.255.0 | global | 02:be:82:6b:cc:1d |
[   16.540918] cloud-init[933]: ci-info: | enp0s3 | True | fe80::be:82ff:fe6b:cc1d/64 |       .       |  link  | 02:be:82:6b:cc:1d |
[   16.544777] cloud-init[933]: ci-info: |   lo   | True |         127.0.0.1          |   255.0.0.0   |  host  |         .         |
[   16.548749] cloud-init[933]: ci-info: |   lo   | True |          ::1/128           |       .       |  host  |         .         |
[   16.552673] cloud-init[933]: ci-info: +--------+------+----------------------------+---------------+--------+-------------------+
[   16.556779] cloud-init[933]: ci-info: +++++++++++++++++++++++++++Route IPv4 info++++++++++++++++++++++++++++
[   16.560306] cloud-init[933]: ci-info: +-------+-------------+----------+---------------+-----------+-------+
[   16.564154] cloud-init[933]: ci-info: | Route | Destination | Gateway  |    Genmask    | Interface | Flags |
[   16.567823] cloud-init[933]: ci-info: +-------+-------------+----------+---------------+-----------+-------+
[   16.571466] cloud-init[933]: ci-info: |   0   |   0.0.0.0   | 10.0.2.2 |    0.0.0.0    |   enp0s3  |   UG  |
[   16.575205] cloud-init[933]: ci-info: |   1   |   10.0.2.0  | 0.0.0.0  | 255.255.255.0 |   enp0s3  |   U   |
[   16.578901] cloud-init[933]: ci-info: +-------+-------------+----------+---------------+-----------+-------+
[   16.582591] cloud-init[933]: ci-info: +++++++++++++++++++Route IPv6 info+++++++++++++++++++
[   16.585969] cloud-init[933]: ci-info: +-------+-------------+---------+-----------+-------+
[   16.589230] cloud-init[933]: ci-info: | Route | Destination | Gateway | Interface | Flags |
[   16.592338] cloud-init[933]: ci-info: +-------+-------------+---------+-----------+-------+
[   16.595669] cloud-init[933]: ci-info: |   0   |  fe80::/64  |    ::   |   enp0s3  |   U   |
[   16.598918] cloud-init[933]: ci-info: |   3   |   ff00::/8  |    ::   |   enp0s3  |   U   |
[   16.602071] cloud-init[933]: ci-info: +-------+-------------+---------+-----------+-------+
[   16.605550] cloud-init[933]: Generating public/private rsa key pair.
[   16.608410] cloud-init[933]: Your identification has been saved in /etc/ssh/ssh_host_rsa_key.
[[0;32m  OK  [0m] Started Initial cloud-init job (metadata service crawler).
[[0;32m  OK  [0m] Reached target Network is Online.
[   16.611888] cloud-init[933]: Your public key has been saved in /etc/ssh/ssh_host_rsa_key.pub.
[   16.617947] cloud-init[933]: The key fingerprint is:
[   16.620481] cloud-init[933]: SHA256:p/yHgAjzXSQpvHK5AcX6JQeFguMpN6K/oTVNguqKNSE root@ubuntu-xenial
[   16.623718] cloud-init[933]: The key's randomart image is:
[   16.626307] cloud-init[933]: +---[RSA 2048]----+
[   16.628569] cloud-init[933]: | . +.o..         |
[   16.630793] cloud-init[933]: |o o * o .        |
[   16.636774]          Starting iSCSI initiator daemon (iscsid)...
[[0;32m  OK  [0m] Reached target System Initialization.
         Starting Socket activation for snappy daemon.
[[0;32m  OK  [0m] Started Message of the Day.
[[0;32m  OK  [0m] Started Daily apt download activities.
cloud-init[933]: |...+ = o         |[[0;32m  OK  [0m] Started ACPI Events Check.
[[0;32m  OK  [0m] Reached target Paths.

[   16.649083]          Starting LXD - unix socket.
[[0;32m  OK  [0m] Started Daily Cleanup of Temporary Directories.
[[0;32m  OK  [0m] Listening on D-Bus System Message Bus Socket.
[[0;32m  OK  [0m] Started Daily apt upgrade and clean activities.
[[0;32m  OK  [0m] Started Ubuntu Advantage update messaging.
[[0;32m  OK  [0m] Reached target Timers.
[[0;32m  OK  [0m] Listening on UUID daemon activation socket.
[[0;32m  OK  [0m] Listening on ACPID Listen Socket.
[[0;32m  OK  [0m] Reached target Cloud-config availability.
[[0;32m  OK  [0m] Listening on Socket activation for snappy daemon.
[[0;32m  OK  [0m] Listening on LXD - unix socket.
[[0;32m  OK  [0m] Reached target Sockets.
[[0;32m  OK  [0m] Reached target Basic System.
cloud-init[933]: |o+B * o .        |[[0;32m  OK  [0m] Started Regular background program processing daemon.

[[0;32m  OK  [0m] Started Deferred execution scheduler.
[[0;32m  OK  [0m] Started ACPI event daemon.
         Starting /etc/rc.local Compatibility...
         Starting Virtualbox guest utils...
         Starting System Logging Service...
         Starting LSB: Record successful boot for GRUB...
[[0;32m  OK  [0m] Started D-Bus System Message Bus.
[   16.688530] cloud-init[933]: |EooO.O oS .      |
[   16.692881] cloud-init[933]: |o. == o..o       |
[   16.698912] cloud-init[933]: |..* .   o. .     |
[   16.704411] cloud-init[933]: |o+.+     .. .    |
[   16.708499] cloud-init[933]: |=...      ..     |
[   16.711090] cloud-init[933]: +----[SHA256]-----+
[   16.713912] cloud-init[933]: Generating public/private dsa key pair.
[   16.716744] cloud-init[933]: Your identification has been saved in /etc/ssh/ssh_host_dsa_key.
[   16.720370] cloud-init[933]: Your public key has been saved in /etc/ssh/ssh_host_dsa_key.pub.
[   16.723699] cloud-init[933]: The key fingerprint is:
[   16.726471] cloud-init[933]: SHA256:I+VH+RXHfX7698DPFU2Fjm6VksCaiKzwbPg/SebnUEg root@ubuntu-xenial
[   16.729875] cloud-init[933]: The key's randomart image is:
[   16.732750] cloud-init[933]: +---[DSA 1024]----+
[   16.735340] cloud-init[933]: |         .    .o+|
[   16.739410] cloud-init[933]: |          o.  .o=|
[   16.741887] cloud-init[933]: |   .E. ..oo. +.oo|
[   16.744483] cloud-init[933]: |.  .o..oo. .+.+.+|
[   16.746771] cloud-init[933]: | = .. o S ...o oo|
[   16.749164] cloud-init[933]: |. = o. . o  o.. .|
[   16.751490] cloud-init[933]: | o +..     .  o..|
[   16.753920] cloud-init[933]: |  . +..        ++|
[   16.757776] [[0;32m  OK  [0m] Started FUSE filesystem for LXC.
         Starting LSB: MD monitoring daemon...
cloud-init         Starting Snap Daemon...
[933]:          Starting Pollinate to seed the pseudo random number generator...
         Starting Accounts Service...
         Starting Login Service...
         Starting LXD - container startup/shutdown...
[[0;32m  OK  [0m] Started System Logging Service.
[[0;32m  OK  [0m] Started /etc/rc.local Compatibility.
|   ..+.         *|
[   16.819407] cloud-init[933]: +----[SHA256]-----+
[   16.830870] [[0;32m  OK  [0m] Started LSB: MD monitoring daemon.
cloud-init[933]: Generating public/private ecdsa key pair.[[0;32m  OK  [0m] Started iSCSI initiator daemon (iscsid).

[   16.854760]          Starting Login to default iSCSI targets...
cloud-init[[0;32m  OK  [0m] Started LSB: Record successful boot for GRUB.
[933]: Your identification has been saved in /etc/ssh/ssh_host_ecdsa_key.
[   16.863822] [[0;32m  OK  [0m] Started Login Service.
[[0;32m  OK  [0m] Started Unattended Upgrades Shutdown.
cloud-init[933]: Your public key has been saved in /etc/ssh/ssh_host_ecdsa_key.pub.
[   16.872865] cloud-init[933]: The key fingerprint is:
[   16.876978] cloud-init[933]: SHA256:ImbH6RFDVzfygHTNjevvY2Mn9kKjqE62t9vMzilMmhY root@ubuntu-xenial
[   16.881722] cloud-init[933]: The key's randomart image is:
[   16.885985] cloud-init[933]: +---[ECDSA 256]---+
[   16.889854] cloud-init[933]: |      ..oo=ooo   |
[   16.893760] cloud-init[933]: |     . ... =+..  |
[   16.897994] cloud-init[933]: |      o     ..   |
[   16.902171] cloud-init[933]: |     . +    .    |
[   16.906624] cloud-init[933]: |    + * S  .     |
[   16.910999] cloud-init[933]: |   o + oE . . o  |
[   16.915387] cloud-init[933]: |      . o* . + . |
[   16.920215] cloud-init[933]: |       o+.==..X .|
[   16.926267] cloud-init[933]: |       o+oo=B=.B.|
[   16.931169] cloud-init[933]: +----[SHA256]-----+
[   16.937431] cloud-init[933]: Generating public/private ed25519 key pair.
[   16.942706] cloud-init[933]: Your identification has been saved in /etc/ssh/ssh_host_ed25519_key.
[   16.950342] cloud-init[933]: Your public key has been saved in /etc/ssh/ssh_host_ed25519_key.pub.
[   16.954265] cloud-init[933]: The key fingerprint is:
[   16.956777] cloud-init[933]: SHA256:CSLG7TGp387q3DMlHCNPHS/AEbmAVR/i0OtBKiEXR7M root@ubuntu-xenial
[   16.960474] cloud-init[933]: The key's randomart image is:
[   16.963226] cloud-init[933]: +--[ED25519 256]--+
[   16.966322] cloud-init[933]: |  .=*+=+.        |
[   16.970264] cloud-init[933]: |..+o.**o..       |
[   16.972892] cloud-init[933]: | o+.E+o=.o       |
[   16.975393] cloud-init[933]: | ..+o+B.o..      |
[   16.985479] cloud-init[933]: |  ...* +S.       |
[   16.988231] cloud-init[933]: |   . .= .        |
[   16.990675] cloud-init[933]: |    . .o         |
[   16.993337] cloud-init[933]: |   . +o          |
[   17.005847] cloud-init[933]: |   .+.+o         |
[   17.008749] cloud-init[933]: +----[SHA256]-----+
[[0;32m  OK  [0m] Started Login to default iSCSI targets.
[[0;32m  OK  [0m] Reached target Remote File Systems (Pre).
[[0;32m  OK  [0m] Reached target Remote File Systems.
         Starting LSB: automatic crash report generation...
         Starting Permit User Sessions...
         Starting LSB: daemon to balance interrupts for SMP systems...
         Starting LSB: Set the CPU Frequency Scaling governor to "ondemand"...
[[0;32m  OK  [0m] Started Permit User Sessions.
         Starting Hold until boot process finishes up...
         Starting Terminate Plymouth Boot Screen...
[[0;32m  OK  [0m] Started Hold until boot process finishes up.
[[0;32m  OK  [0m] Started Serial Getty on ttyS0.
         Starting Set console scheme...
[[0;32m  OK  [0m] Started Getty on tty1.
[[0;32m  OK  [0m] Reached target Login Prompts.
[[0;32m  OK  [0m] Started Terminate Plymouth Boot Screen.
[[0;32m  OK  [0m] Started Set console scheme.
[[0;32m  OK  [0m] Started LSB: daemon to balance interrupts for SMP systems.
[[0;32m  OK  [0m] Started LSB: Set the CPU Frequency Scaling governor to "ondemand".
[[0;32m  OK  [0m] Started LSB: automatic crash report generation.
         Starting Authenticate and Authorize Users to Run Privileged Tasks...
[[0;32m  OK  [0m] Started Virtualbox guest utils.
[[0;32m  OK  [0m] Started LXD - container startup/shutdown.
[[0;32m  OK  [0m] Started Authenticate and Authorize Users to Run Privileged Tasks.
[[0;32m  OK  [0m] Started Accounts Service.
[[0;32m  OK  [0m] Started Snap Daemon.
         Starting Wait until snapd is fully seeded...
[[0;32m  OK  [0m] Started Pollinate to seed the pseudo random number generator.
         Starting OpenBSD Secure Shell server...
[[0;32m  OK  [0m] Started OpenBSD Secure Shell server.
[[0;32m  OK  [0m] Created slice User Slice of vagrant.
         Starting User Manager for UID 1000...
[[0;32m  OK  [0m] Started Session 1 of user vagrant.
[[0;32m  OK  [0m] Started User Manager for UID 1000.
[[0;32m  OK  [0m] Started Wait until snapd is fully seeded.
[[0;32m  OK  [0m] Reached target Multi-User System.
[[0;32m  OK  [0m] Reached target Graphical Interface.
         Starting Update UTMP about System Runlevel Changes...
         Starting Apply the settings specified in cloud-config...
[[0;32m  OK  [0m] Started Update UTMP about System Runlevel Changes.
[   22.441778] cloud-init[1460]: Generating locales (this might take a while)...

Ubuntu 16.04.7 LTS ubuntu-xenial ttyS0

ubuntu-xenial login: [   23.326281] cloud-init[1460]:   en_US.UTF-8... done
[   23.326872] cloud-init[1460]: Generation complete.
[   23.688497] cloud-init[1460]: Cloud-init v. 21.1-19-gbad84ad4-0ubuntu1~16.04.2 running 'modules:config' at Mon, 22 May 2023 11:21:47 +0000. Up 22.34 seconds.
ci-info: no authorized SSH keys fingerprints found for user ubuntu.
<14>May 22 11:21:48 ec2: 
<14>May 22 11:21:48 ec2: #############################################################
<14>May 22 11:21:48 ec2: -----BEGIN SSH HOST KEY FINGERPRINTS-----
<14>May 22 11:21:48 ec2: 1024 SHA256:I+VH+RXHfX7698DPFU2Fjm6VksCaiKzwbPg/SebnUEg root@ubuntu-xenial (DSA)
<14>May 22 11:21:48 ec2: 256 SHA256:ImbH6RFDVzfygHTNjevvY2Mn9kKjqE62t9vMzilMmhY root@ubuntu-xenial (ECDSA)
<14>May 22 11:21:48 ec2: 256 SHA256:CSLG7TGp387q3DMlHCNPHS/AEbmAVR/i0OtBKiEXR7M root@ubuntu-xenial (ED25519)
<14>May 22 11:21:48 ec2: 2048 SHA256:p/yHgAjzXSQpvHK5AcX6JQeFguMpN6K/oTVNguqKNSE root@ubuntu-xenial (RSA)
<14>May 22 11:21:48 ec2: -----END SSH HOST KEY FINGERPRINTS-----
<14>May 22 11:21:48 ec2: #############################################################
-----BEGIN SSH HOST KEY KEYS-----
ecdsa-sha2-nistp256 AAAAE2VjZHNhLXNoYTItbmlzdHAyNTYAAAAIbmlzdHAyNTYAAABBBH0emfLAivWX92SpWP/I5KvwNGnQDNYtxmhduSzPey32BDkG+ANU2svwo6DAxaw9++JwJmZ/ypmYkjGAXrVYGcQ= root@ubuntu-xenial
ssh-ed25519 AAAAC3NzaC1lZDI1NTE5AAAAILkYZwOAq6Tk11UownlqHOZHjBxMnf0cPjlwG0asaC8H root@ubuntu-xenial
ssh-rsa AAAAB3NzaC1yc2EAAAADAQABAAABAQC2vEqC4g2E+xIY/wu6Qia8CWx3d96bBy5UBmaXI+MV7OhqJSa51e/AP52r3KZBz7CILNQAE31bpVycX3rTYrF3Qq6O6VQc6XMY2nyXjgc4mlYXf7G74xM5D5uxDnbg/cF4lf2MRT7GEj2n6RrgPE3TLaD4wk/hEYi03Bv3oL4j23vsiMmKwHzoFffuxFGPSNyvRWn2BwDkkVV2OZoUw75Pi/tZUoLkIyk7/xFnl8PjuFEs41ZEO5cZhiCFMFXyZpkYAOp3fAaiEjNHr2s49WvknTH5TcHbpW8yHEohGHjHw1wmqKXokV0wcxFYBy2EPtXNZGp3dFW96zu8u/GtApTl root@ubuntu-xenial
-----END SSH HOST KEY KEYS-----
[   24.100983] cloud-init[1580]: Cloud-init v. 21.1-19-gbad84ad4-0ubuntu1~16.04.2 running 'modules:final' at Mon, 22 May 2023 11:21:48 +0000. Up 23.97 seconds.
[   24.107068] cloud-init[1580]: ci-info: no authorized SSH keys fingerprints found for user ubuntu.
[   24.112898] cloud-init[1580]: Cloud-init v. 21.1-19-gbad84ad4-0ubuntu1~16.04.2 finished at Mon, 22 May 2023 11:21:48 +0000. Datasource DataSourceNoCloud [seed=/dev/sdb][dsmode=net].  Up 24.07 seconds
